Fri Nov 21 13:54:31 BRT 2025   FINEST   ***** Started cycle #4 *****
Fri Nov 21 13:54:31 BRT 2025   FINEST   [cycle 4] environmental fact: sigmaA(agent_JaCaMoLauncherAgEnv)
Fri Nov 21 13:54:31 BRT 2025   FINEST   ***** Started cycle #5 *****
Fri Nov 21 13:54:31 BRT 2025   FINEST   [cycle 5] environmental fact: sigmaE(addWSPRuleEngine(_63)[sai__agent(agent_JaCaMoLauncherAgEnv),sai__time(2025,11,21,13,54,30,931048820)])
Fri Nov 21 13:54:31 BRT 2025   FINEST   ***** Started cycle #6 *****
Fri Nov 21 13:54:31 BRT 2025   FINEST   [cycle 6] environmental fact: nticks(clock,0)
Fri Nov 21 13:54:31 BRT 2025   FINEST   ***** Started cycle #7 *****
Fri Nov 21 13:54:31 BRT 2025   FINEST   [cycle 7] environmental fact: sigmaA(karlos)
Fri Nov 21 13:54:31 BRT 2025   FINEST   ***** Started cycle #8 *****
Fri Nov 21 13:54:31 BRT 2025   FINEST   [cycle 8] environmental fact: sigmaA(karlos)
Fri Nov 21 13:54:31 BRT 2025   FINEST   ***** Started cycle #9 *****
Fri Nov 21 13:54:31 BRT 2025   FINEST   [cycle 9] environmental fact: sigmaE(lookupArtifact(clock,_64)[sai__agent(karlos),sai__time(2025,11,21,13,54,30,960503851)])
Fri Nov 21 13:54:31 BRT 2025   FINEST   ***** Started cycle #10 *****
Fri Nov 21 13:54:31 BRT 2025   FINEST   [cycle 10] environmental fact: focusing(body_karlos,clock,clock,cartago.tools.Clock,cobj_3,wsp_test,"/main/wsp_test")
Fri Nov 21 13:54:31 BRT 2025   FINEST   ***** Started cycle #11 *****
Fri Nov 21 13:54:31 BRT 2025   FINEST   [cycle 11] environmental fact: sigmaA(karlos)
Fri Nov 21 13:54:31 BRT 2025   FINEST   ***** Started cycle #12 *****
Fri Nov 21 13:54:31 BRT 2025   FINEST   [cycle 12] environmental fact: sigmaE(setFrequency(1)[sai__agent(karlos),sai__time(2025,11,21,13,54,30,987774003)])
Fri Nov 21 13:54:31 BRT 2025   FINEST   ***** Started cycle #13 *****
Fri Nov 21 13:54:31 BRT 2025   FINEST   [cycle 13] environmental fact: sigmaA(karlos)
Fri Nov 21 13:54:31 BRT 2025   FINEST   ***** Started cycle #14 *****
Fri Nov 21 13:54:31 BRT 2025   FINEST   [cycle 14] environmental fact: sigmaE(start[sai__agent(karlos),sai__time(2025,11,21,13,54,31,705205)])
Fri Nov 21 13:54:31 BRT 2025   FINEST   ***** Started cycle #15 *****
Fri Nov 21 13:54:31 BRT 2025   FINEST   [cycle 15] environmental fact: sai__replace(nticks(clock,_65),nticks(clock,1000))
Fri Nov 21 13:54:32 BRT 2025   FINEST   ***** Started cycle #26 *****
Fri Nov 21 13:54:32 BRT 2025   FINEST   [cycle 26] environmental fact: sai__replace(nticks(clock,_258),nticks(clock,2000))
Fri Nov 21 13:54:33 BRT 2025   FINEST   ***** Started cycle #37 *****
Fri Nov 21 13:54:33 BRT 2025   FINEST   [cycle 37] environmental fact: sai__replace(nticks(clock,_275),nticks(clock,3000))
Fri Nov 21 13:54:34 BRT 2025   FINEST   ***** Started cycle #48 *****
Fri Nov 21 13:54:34 BRT 2025   FINEST   [cycle 48] environmental fact: sai__replace(nticks(clock,_292),nticks(clock,4000))
Fri Nov 21 13:54:35 BRT 2025   FINEST   ***** Started cycle #59 *****
Fri Nov 21 13:54:35 BRT 2025   FINEST   [cycle 59] environmental fact: sai__replace(nticks(clock,_309),nticks(clock,5000))
Fri Nov 21 13:54:35 BRT 2025   FINEST   [cycle 59] 1 adding sai__is(nticks(clock,5000),extra(2),(nticks(clock,5000)&(5000>=5000)))
Fri Nov 21 13:54:35 BRT 2025   FINEST   [cycle 59] 1 adding extra(2)
Fri Nov 21 13:54:35 BRT 2025   FINEST   [cycle 59] 1 adding sai__is(nticks(clock,5000),vl(5000),(nticks(clock,5000)&(5000>=5000)))
Fri Nov 21 13:54:35 BRT 2025   FINEST   [cycle 59] 1 adding vl(5000)
Fri Nov 21 13:54:36 BRT 2025   FINEST   ***** Started cycle #69 *****
Fri Nov 21 13:54:36 BRT 2025   FINEST   [cycle 69] environmental fact: sai__replace(nticks(clock,_346),nticks(clock,6000))
Fri Nov 21 13:54:36 BRT 2025   FINEST   [cycle 69] 1 adding sai__is(nticks(clock,6000),extra(2),(nticks(clock,6000)&(6000>=5000)))
Fri Nov 21 13:54:36 BRT 2025   FINEST   [cycle 69] 1 adding extra(2)
Fri Nov 21 13:54:36 BRT 2025   FINEST   [cycle 69] 1 adding sai__is(nticks(clock,6000),vl(5000),(nticks(clock,6000)&(6000>=5000)))
Fri Nov 21 13:54:36 BRT 2025   FINEST   [cycle 69] 1 adding vl(5000)
Fri Nov 21 13:54:36 BRT 2025   FINEST   [cycle 69] 1 removing sai__is(nticks(clock,5000),vl(5000),(nticks(clock,5000) & (5000 >= 5000)))
Fri Nov 21 13:54:36 BRT 2025   FINEST   [cycle 69] 1 removing sai__is(nticks(clock,5000),vl(5000),(nticks(clock,5000) & (5000 >= 5000)))
Fri Nov 21 13:54:36 BRT 2025   FINEST   [cycle 69] 1 removing sai__is(nticks(clock,5000),extra(2),(nticks(clock,5000) & (5000 >= 5000)))
Fri Nov 21 13:54:36 BRT 2025   FINEST   [cycle 69] 1 removing sai__is(nticks(clock,5000),extra(2),(nticks(clock,5000) & (5000 >= 5000)))
Fri Nov 21 13:54:37 BRT 2025   FINEST   ***** Started cycle #80 *****
Fri Nov 21 13:54:37 BRT 2025   FINEST   [cycle 80] environmental fact: sai__replace(nticks(clock,_379),nticks(clock,7000))
Fri Nov 21 13:54:37 BRT 2025   FINEST   [cycle 80] 1 adding sai__is(nticks(clock,7000),extra(2),(nticks(clock,7000)&(7000>=5000)))
Fri Nov 21 13:54:37 BRT 2025   FINEST   [cycle 80] 1 adding extra(2)
Fri Nov 21 13:54:37 BRT 2025   FINEST   [cycle 80] 1 adding sai__is(nticks(clock,7000),vl(5000),(nticks(clock,7000)&(7000>=5000)))
Fri Nov 21 13:54:37 BRT 2025   FINEST   [cycle 80] 1 adding vl(5000)
Fri Nov 21 13:54:37 BRT 2025   FINEST   [cycle 80] 1 removing sai__is(nticks(clock,6000),vl(5000),(nticks(clock,6000) & (6000 >= 5000)))
Fri Nov 21 13:54:37 BRT 2025   FINEST   [cycle 80] 1 removing sai__is(nticks(clock,6000),vl(5000),(nticks(clock,6000) & (6000 >= 5000)))
Fri Nov 21 13:54:37 BRT 2025   FINEST   [cycle 80] 1 removing sai__is(nticks(clock,6000),extra(2),(nticks(clock,6000) & (6000 >= 5000)))
Fri Nov 21 13:54:37 BRT 2025   FINEST   [cycle 80] 1 removing sai__is(nticks(clock,6000),extra(2),(nticks(clock,6000) & (6000 >= 5000)))
Fri Nov 21 13:54:38 BRT 2025   FINEST   ***** Started cycle #91 *****
Fri Nov 21 13:54:38 BRT 2025   FINEST   [cycle 91] environmental fact: sai__replace(nticks(clock,_412),nticks(clock,8000))
Fri Nov 21 13:54:38 BRT 2025   FINEST   [cycle 91] 1 adding sai__is(nticks(clock,8000),extra(2),(nticks(clock,8000)&(8000>=5000)))
Fri Nov 21 13:54:38 BRT 2025   FINEST   [cycle 91] 1 adding extra(2)
Fri Nov 21 13:54:38 BRT 2025   FINEST   [cycle 91] 1 adding sai__is(nticks(clock,8000),vl(5000),(nticks(clock,8000)&(8000>=5000)))
Fri Nov 21 13:54:38 BRT 2025   FINEST   [cycle 91] 1 adding vl(5000)
Fri Nov 21 13:54:38 BRT 2025   FINEST   [cycle 91] 1 removing sai__is(nticks(clock,7000),vl(5000),(nticks(clock,7000) & (7000 >= 5000)))
Fri Nov 21 13:54:38 BRT 2025   FINEST   [cycle 91] 1 removing sai__is(nticks(clock,7000),vl(5000),(nticks(clock,7000) & (7000 >= 5000)))
Fri Nov 21 13:54:38 BRT 2025   FINEST   [cycle 91] 1 removing sai__is(nticks(clock,7000),extra(2),(nticks(clock,7000) & (7000 >= 5000)))
Fri Nov 21 13:54:38 BRT 2025   FINEST   [cycle 91] 1 removing sai__is(nticks(clock,7000),extra(2),(nticks(clock,7000) & (7000 >= 5000)))
Fri Nov 21 13:54:39 BRT 2025   FINEST   ***** Started cycle #101 *****
Fri Nov 21 13:54:39 BRT 2025   FINEST   [cycle 101] environmental fact: sai__replace(nticks(clock,_445),nticks(clock,9000))
Fri Nov 21 13:54:39 BRT 2025   FINEST   [cycle 101] 1 adding sai__is(nticks(clock,9000),extra(2),(nticks(clock,9000)&(9000>=5000)))
Fri Nov 21 13:54:39 BRT 2025   FINEST   [cycle 101] 1 adding extra(2)
Fri Nov 21 13:54:39 BRT 2025   FINEST   [cycle 101] 1 adding sai__is(nticks(clock,9000),vl(5000),(nticks(clock,9000)&(9000>=5000)))
Fri Nov 21 13:54:39 BRT 2025   FINEST   [cycle 101] 1 adding vl(5000)
Fri Nov 21 13:54:39 BRT 2025   FINEST   [cycle 101] 1 removing sai__is(nticks(clock,8000),vl(5000),(nticks(clock,8000) & (8000 >= 5000)))
Fri Nov 21 13:54:39 BRT 2025   FINEST   [cycle 101] 1 removing sai__is(nticks(clock,8000),vl(5000),(nticks(clock,8000) & (8000 >= 5000)))
Fri Nov 21 13:54:39 BRT 2025   FINEST   [cycle 101] 1 removing sai__is(nticks(clock,8000),extra(2),(nticks(clock,8000) & (8000 >= 5000)))
Fri Nov 21 13:54:39 BRT 2025   FINEST   [cycle 101] 1 removing sai__is(nticks(clock,8000),extra(2),(nticks(clock,8000) & (8000 >= 5000)))
Fri Nov 21 13:54:40 BRT 2025   FINEST   ***** Started cycle #112 *****
Fri Nov 21 13:54:40 BRT 2025   FINEST   [cycle 112] environmental fact: sai__replace(nticks(clock,_478),nticks(clock,10000))
Fri Nov 21 13:54:40 BRT 2025   FINEST   [cycle 112] 1 adding sai__is(nticks(clock,10000),extra(2),(nticks(clock,10000)&(10000>=5000)))
Fri Nov 21 13:54:40 BRT 2025   FINEST   [cycle 112] 1 adding extra(2)
Fri Nov 21 13:54:40 BRT 2025   FINEST   [cycle 112] 1 adding sai__is(nticks(clock,10000),vl(5000),(nticks(clock,10000)&(10000>=5000)))
Fri Nov 21 13:54:40 BRT 2025   FINEST   [cycle 112] 1 adding vl(5000)
Fri Nov 21 13:54:40 BRT 2025   FINEST   [cycle 112] 1 removing sai__is(nticks(clock,9000),vl(5000),(nticks(clock,9000) & (9000 >= 5000)))
Fri Nov 21 13:54:40 BRT 2025   FINEST   [cycle 112] 1 removing sai__is(nticks(clock,9000),vl(5000),(nticks(clock,9000) & (9000 >= 5000)))
Fri Nov 21 13:54:40 BRT 2025   FINEST   [cycle 112] 1 removing sai__is(nticks(clock,9000),extra(2),(nticks(clock,9000) & (9000 >= 5000)))
Fri Nov 21 13:54:40 BRT 2025   FINEST   [cycle 112] 1 removing sai__is(nticks(clock,9000),extra(2),(nticks(clock,9000) & (9000 >= 5000)))
Fri Nov 21 13:54:41 BRT 2025   FINEST   ***** Started cycle #123 *****
Fri Nov 21 13:54:41 BRT 2025   FINEST   [cycle 123] environmental fact: sai__replace(nticks(clock,_511),nticks(clock,11000))
Fri Nov 21 13:54:41 BRT 2025   FINEST   [cycle 123] 1 adding sai__is(nticks(clock,11000),extra(2),(nticks(clock,11000)&(11000>=5000)))
Fri Nov 21 13:54:41 BRT 2025   FINEST   [cycle 123] 1 adding extra(2)
Fri Nov 21 13:54:41 BRT 2025   FINEST   [cycle 123] 1 adding sai__is(nticks(clock,11000),vl(5000),(nticks(clock,11000)&(11000>=5000)))
Fri Nov 21 13:54:41 BRT 2025   FINEST   [cycle 123] 1 adding vl(5000)
Fri Nov 21 13:54:41 BRT 2025   FINEST   [cycle 123] 1 removing sai__is(nticks(clock,10000),vl(5000),(nticks(clock,10000) & (10000 >= 5000)))
Fri Nov 21 13:54:41 BRT 2025   FINEST   [cycle 123] 1 removing sai__is(nticks(clock,10000),vl(5000),(nticks(clock,10000) & (10000 >= 5000)))
Fri Nov 21 13:54:41 BRT 2025   FINEST   [cycle 123] 1 removing sai__is(nticks(clock,10000),extra(2),(nticks(clock,10000) & (10000 >= 5000)))
Fri Nov 21 13:54:41 BRT 2025   FINEST   [cycle 123] 1 removing sai__is(nticks(clock,10000),extra(2),(nticks(clock,10000) & (10000 >= 5000)))
Fri Nov 21 13:54:42 BRT 2025   FINEST   ***** Started cycle #134 *****
Fri Nov 21 13:54:42 BRT 2025   FINEST   [cycle 134] environmental fact: sai__replace(nticks(clock,_544),nticks(clock,12000))
Fri Nov 21 13:54:42 BRT 2025   FINEST   [cycle 134] 1 adding sai__is(nticks(clock,12000),extra(2),(nticks(clock,12000)&(12000>=5000)))
Fri Nov 21 13:54:42 BRT 2025   FINEST   [cycle 134] 1 adding extra(2)
Fri Nov 21 13:54:42 BRT 2025   FINEST   [cycle 134] 1 adding sai__is(nticks(clock,12000),vl(5000),(nticks(clock,12000)&(12000>=5000)))
Fri Nov 21 13:54:42 BRT 2025   FINEST   [cycle 134] 1 adding vl(5000)
Fri Nov 21 13:54:42 BRT 2025   FINEST   [cycle 134] 1 removing sai__is(nticks(clock,11000),vl(5000),(nticks(clock,11000) & (11000 >= 5000)))
Fri Nov 21 13:54:42 BRT 2025   FINEST   [cycle 134] 1 removing sai__is(nticks(clock,11000),vl(5000),(nticks(clock,11000) & (11000 >= 5000)))
Fri Nov 21 13:54:42 BRT 2025   FINEST   [cycle 134] 1 removing sai__is(nticks(clock,11000),extra(2),(nticks(clock,11000) & (11000 >= 5000)))
Fri Nov 21 13:54:42 BRT 2025   FINEST   [cycle 134] 1 removing sai__is(nticks(clock,11000),extra(2),(nticks(clock,11000) & (11000 >= 5000)))
Fri Nov 21 13:54:43 BRT 2025   FINEST   ***** Started cycle #144 *****
Fri Nov 21 13:54:43 BRT 2025   FINEST   [cycle 144] environmental fact: sai__replace(nticks(clock,_577),nticks(clock,13000))
Fri Nov 21 13:54:43 BRT 2025   FINEST   [cycle 144] 1 adding sai__is(nticks(clock,13000),extra(2),(nticks(clock,13000)&(13000>=5000)))
Fri Nov 21 13:54:43 BRT 2025   FINEST   [cycle 144] 1 adding extra(2)
Fri Nov 21 13:54:43 BRT 2025   FINEST   [cycle 144] 1 adding sai__is(nticks(clock,13000),vl(5000),(nticks(clock,13000)&(13000>=5000)))
Fri Nov 21 13:54:43 BRT 2025   FINEST   [cycle 144] 1 adding vl(5000)
Fri Nov 21 13:54:43 BRT 2025   FINEST   [cycle 144] 1 removing sai__is(nticks(clock,12000),vl(5000),(nticks(clock,12000) & (12000 >= 5000)))
Fri Nov 21 13:54:43 BRT 2025   FINEST   [cycle 144] 1 removing sai__is(nticks(clock,12000),vl(5000),(nticks(clock,12000) & (12000 >= 5000)))
Fri Nov 21 13:54:43 BRT 2025   FINEST   [cycle 144] 1 removing sai__is(nticks(clock,12000),extra(2),(nticks(clock,12000) & (12000 >= 5000)))
Fri Nov 21 13:54:43 BRT 2025   FINEST   [cycle 144] 1 removing sai__is(nticks(clock,12000),extra(2),(nticks(clock,12000) & (12000 >= 5000)))
Fri Nov 21 13:54:44 BRT 2025   FINEST   ***** Started cycle #155 *****
Fri Nov 21 13:54:44 BRT 2025   FINEST   [cycle 155] environmental fact: sai__replace(nticks(clock,_610),nticks(clock,14000))
Fri Nov 21 13:54:44 BRT 2025   FINEST   [cycle 155] 1 adding sai__is(nticks(clock,14000),extra(2),(nticks(clock,14000)&(14000>=5000)))
Fri Nov 21 13:54:44 BRT 2025   FINEST   [cycle 155] 1 adding extra(2)
Fri Nov 21 13:54:44 BRT 2025   FINEST   [cycle 155] 1 adding sai__is(nticks(clock,14000),vl(5000),(nticks(clock,14000)&(14000>=5000)))
Fri Nov 21 13:54:44 BRT 2025   FINEST   [cycle 155] 1 adding vl(5000)
Fri Nov 21 13:54:44 BRT 2025   FINEST   [cycle 155] 1 removing sai__is(nticks(clock,13000),vl(5000),(nticks(clock,13000) & (13000 >= 5000)))
Fri Nov 21 13:54:44 BRT 2025   FINEST   [cycle 155] 1 removing sai__is(nticks(clock,13000),vl(5000),(nticks(clock,13000) & (13000 >= 5000)))
Fri Nov 21 13:54:44 BRT 2025   FINEST   [cycle 155] 1 removing sai__is(nticks(clock,13000),extra(2),(nticks(clock,13000) & (13000 >= 5000)))
Fri Nov 21 13:54:44 BRT 2025   FINEST   [cycle 155] 1 removing sai__is(nticks(clock,13000),extra(2),(nticks(clock,13000) & (13000 >= 5000)))
Fri Nov 21 13:54:45 BRT 2025   FINEST   ***** Started cycle #166 *****
Fri Nov 21 13:54:45 BRT 2025   FINEST   [cycle 166] environmental fact: sai__replace(nticks(clock,_643),nticks(clock,15000))
Fri Nov 21 13:54:45 BRT 2025   FINEST   [cycle 166] 1 adding sai__is(nticks(clock,15000),extra(2),(nticks(clock,15000)&(15000>=5000)))
Fri Nov 21 13:54:45 BRT 2025   FINEST   [cycle 166] 1 adding extra(2)
Fri Nov 21 13:54:45 BRT 2025   FINEST   [cycle 166] 1 adding sai__is(nticks(clock,15000),vl(5000),(nticks(clock,15000)&(15000>=5000)))
Fri Nov 21 13:54:45 BRT 2025   FINEST   [cycle 166] 1 adding vl(5000)
Fri Nov 21 13:54:45 BRT 2025   FINEST   [cycle 166] 1 removing sai__is(nticks(clock,14000),vl(5000),(nticks(clock,14000) & (14000 >= 5000)))
Fri Nov 21 13:54:45 BRT 2025   FINEST   [cycle 166] 1 removing sai__is(nticks(clock,14000),vl(5000),(nticks(clock,14000) & (14000 >= 5000)))
Fri Nov 21 13:54:45 BRT 2025   FINEST   [cycle 166] 1 removing sai__is(nticks(clock,14000),extra(2),(nticks(clock,14000) & (14000 >= 5000)))
Fri Nov 21 13:54:45 BRT 2025   FINEST   [cycle 166] 1 removing sai__is(nticks(clock,14000),extra(2),(nticks(clock,14000) & (14000 >= 5000)))
Fri Nov 21 13:54:46 BRT 2025   FINEST   ***** Started cycle #176 *****
Fri Nov 21 13:54:46 BRT 2025   FINEST   [cycle 176] environmental fact: sai__replace(nticks(clock,_684),nticks(clock,16000))
Fri Nov 21 13:54:46 BRT 2025   FINEST   [cycle 176] 1 adding sai__is(nticks(clock,16000),extra(2),(nticks(clock,16000)&(16000>=5000)))
Fri Nov 21 13:54:46 BRT 2025   FINEST   [cycle 176] 1 adding extra(2)
Fri Nov 21 13:54:46 BRT 2025   FINEST   [cycle 176] 1 adding sai__is(nticks(clock,16000),vl(5000),(nticks(clock,16000)&(16000>=5000)))
Fri Nov 21 13:54:46 BRT 2025   FINEST   [cycle 176] 1 adding vl(5000)
Fri Nov 21 13:54:46 BRT 2025   FINEST   [cycle 176] 1 removing sai__is(nticks(clock,15000),vl(5000),(nticks(clock,15000) & (15000 >= 5000)))
Fri Nov 21 13:54:46 BRT 2025   FINEST   [cycle 176] 1 removing sai__is(nticks(clock,15000),vl(5000),(nticks(clock,15000) & (15000 >= 5000)))
Fri Nov 21 13:54:46 BRT 2025   FINEST   [cycle 176] 1 removing sai__is(nticks(clock,15000),extra(2),(nticks(clock,15000) & (15000 >= 5000)))
Fri Nov 21 13:54:46 BRT 2025   FINEST   [cycle 176] 1 removing sai__is(nticks(clock,15000),extra(2),(nticks(clock,15000) & (15000 >= 5000)))
Fri Nov 21 13:54:47 BRT 2025   FINEST   ***** Started cycle #187 *****
Fri Nov 21 13:54:47 BRT 2025   FINEST   [cycle 187] environmental fact: sai__replace(nticks(clock,_717),nticks(clock,17000))
Fri Nov 21 13:54:47 BRT 2025   FINEST   [cycle 187] 1 adding sai__is(nticks(clock,17000),extra(2),(nticks(clock,17000)&(17000>=5000)))
Fri Nov 21 13:54:47 BRT 2025   FINEST   [cycle 187] 1 adding extra(2)
Fri Nov 21 13:54:47 BRT 2025   FINEST   [cycle 187] 1 adding sai__is(nticks(clock,17000),vl(5000),(nticks(clock,17000)&(17000>=5000)))
Fri Nov 21 13:54:47 BRT 2025   FINEST   [cycle 187] 1 adding vl(5000)
Fri Nov 21 13:54:47 BRT 2025   FINEST   [cycle 187] 1 removing sai__is(nticks(clock,16000),vl(5000),(nticks(clock,16000) & (16000 >= 5000)))
Fri Nov 21 13:54:47 BRT 2025   FINEST   [cycle 187] 1 removing sai__is(nticks(clock,16000),vl(5000),(nticks(clock,16000) & (16000 >= 5000)))
Fri Nov 21 13:54:47 BRT 2025   FINEST   [cycle 187] 1 removing sai__is(nticks(clock,16000),extra(2),(nticks(clock,16000) & (16000 >= 5000)))
Fri Nov 21 13:54:47 BRT 2025   FINEST   [cycle 187] 1 removing sai__is(nticks(clock,16000),extra(2),(nticks(clock,16000) & (16000 >= 5000)))
Fri Nov 21 13:54:48 BRT 2025   FINEST   ***** Started cycle #198 *****
Fri Nov 21 13:54:48 BRT 2025   FINEST   [cycle 198] environmental fact: sai__replace(nticks(clock,_754),nticks(clock,18000))
Fri Nov 21 13:54:48 BRT 2025   FINEST   [cycle 198] 1 adding sai__is(nticks(clock,18000),extra(2),(nticks(clock,18000)&(18000>=5000)))
Fri Nov 21 13:54:48 BRT 2025   FINEST   [cycle 198] 1 adding extra(2)
Fri Nov 21 13:54:48 BRT 2025   FINEST   [cycle 198] 1 adding sai__is(nticks(clock,18000),vl(5000),(nticks(clock,18000)&(18000>=5000)))
Fri Nov 21 13:54:48 BRT 2025   FINEST   [cycle 198] 1 adding vl(5000)
Fri Nov 21 13:54:48 BRT 2025   FINEST   [cycle 198] 1 removing sai__is(nticks(clock,17000),vl(5000),(nticks(clock,17000) & (17000 >= 5000)))
Fri Nov 21 13:54:48 BRT 2025   FINEST   [cycle 198] 1 removing sai__is(nticks(clock,17000),vl(5000),(nticks(clock,17000) & (17000 >= 5000)))
Fri Nov 21 13:54:48 BRT 2025   FINEST   [cycle 198] 1 removing sai__is(nticks(clock,17000),extra(2),(nticks(clock,17000) & (17000 >= 5000)))
Fri Nov 21 13:54:48 BRT 2025   FINEST   [cycle 198] 1 removing sai__is(nticks(clock,17000),extra(2),(nticks(clock,17000) & (17000 >= 5000)))
Fri Nov 21 13:54:49 BRT 2025   FINEST   ***** Started cycle #209 *****
Fri Nov 21 13:54:49 BRT 2025   FINEST   [cycle 209] environmental fact: sai__replace(nticks(clock,_787),nticks(clock,19000))
Fri Nov 21 13:54:49 BRT 2025   FINEST   [cycle 209] 1 adding sai__is(nticks(clock,19000),extra(2),(nticks(clock,19000)&(19000>=5000)))
Fri Nov 21 13:54:49 BRT 2025   FINEST   [cycle 209] 1 adding extra(2)
Fri Nov 21 13:54:49 BRT 2025   FINEST   [cycle 209] 1 adding sai__is(nticks(clock,19000),vl(5000),(nticks(clock,19000)&(19000>=5000)))
Fri Nov 21 13:54:49 BRT 2025   FINEST   [cycle 209] 1 adding vl(5000)
Fri Nov 21 13:54:49 BRT 2025   FINEST   [cycle 209] 1 removing sai__is(nticks(clock,18000),vl(5000),(nticks(clock,18000) & (18000 >= 5000)))
Fri Nov 21 13:54:49 BRT 2025   FINEST   [cycle 209] 1 removing sai__is(nticks(clock,18000),vl(5000),(nticks(clock,18000) & (18000 >= 5000)))
Fri Nov 21 13:54:49 BRT 2025   FINEST   [cycle 209] 1 removing sai__is(nticks(clock,18000),extra(2),(nticks(clock,18000) & (18000 >= 5000)))
Fri Nov 21 13:54:49 BRT 2025   FINEST   [cycle 209] 1 removing sai__is(nticks(clock,18000),extra(2),(nticks(clock,18000) & (18000 >= 5000)))
Fri Nov 21 13:54:50 BRT 2025   FINEST   ***** Started cycle #219 *****
Fri Nov 21 13:54:50 BRT 2025   FINEST   [cycle 219] environmental fact: sai__replace(nticks(clock,_820),nticks(clock,20000))
Fri Nov 21 13:54:50 BRT 2025   FINEST   [cycle 219] 1 adding sai__is(nticks(clock,20000),extra(2),(nticks(clock,20000)&(20000>=5000)))
Fri Nov 21 13:54:50 BRT 2025   FINEST   [cycle 219] 1 adding extra(2)
Fri Nov 21 13:54:50 BRT 2025   FINEST   [cycle 219] 1 adding sai__is(nticks(clock,20000),vl(5000),(nticks(clock,20000)&(20000>=5000)))
Fri Nov 21 13:54:50 BRT 2025   FINEST   [cycle 219] 1 adding vl(5000)
Fri Nov 21 13:54:50 BRT 2025   FINEST   [cycle 219] 1 removing sai__is(nticks(clock,19000),vl(5000),(nticks(clock,19000) & (19000 >= 5000)))
Fri Nov 21 13:54:50 BRT 2025   FINEST   [cycle 219] 1 removing sai__is(nticks(clock,19000),vl(5000),(nticks(clock,19000) & (19000 >= 5000)))
Fri Nov 21 13:54:50 BRT 2025   FINEST   [cycle 219] 1 removing sai__is(nticks(clock,19000),extra(2),(nticks(clock,19000) & (19000 >= 5000)))
Fri Nov 21 13:54:50 BRT 2025   FINEST   [cycle 219] 1 removing sai__is(nticks(clock,19000),extra(2),(nticks(clock,19000) & (19000 >= 5000)))
Fri Nov 21 13:54:51 BRT 2025   FINEST   ***** Started cycle #230 *****
Fri Nov 21 13:54:51 BRT 2025   FINEST   [cycle 230] environmental fact: sai__replace(nticks(clock,_853),nticks(clock,21000))
Fri Nov 21 13:54:51 BRT 2025   FINEST   [cycle 230] 1 adding sai__is(nticks(clock,21000),extra(2),(nticks(clock,21000)&(21000>=5000)))
Fri Nov 21 13:54:51 BRT 2025   FINEST   [cycle 230] 1 adding extra(2)
Fri Nov 21 13:54:51 BRT 2025   FINEST   [cycle 230] 1 adding sai__is(nticks(clock,21000),vl(5000),(nticks(clock,21000)&(21000>=5000)))
Fri Nov 21 13:54:51 BRT 2025   FINEST   [cycle 230] 1 adding vl(5000)
Fri Nov 21 13:54:51 BRT 2025   FINEST   [cycle 230] 1 removing sai__is(nticks(clock,20000),vl(5000),(nticks(clock,20000) & (20000 >= 5000)))
Fri Nov 21 13:54:51 BRT 2025   FINEST   [cycle 230] 1 removing sai__is(nticks(clock,20000),vl(5000),(nticks(clock,20000) & (20000 >= 5000)))
Fri Nov 21 13:54:51 BRT 2025   FINEST   [cycle 230] 1 removing sai__is(nticks(clock,20000),extra(2),(nticks(clock,20000) & (20000 >= 5000)))
Fri Nov 21 13:54:51 BRT 2025   FINEST   [cycle 230] 1 removing sai__is(nticks(clock,20000),extra(2),(nticks(clock,20000) & (20000 >= 5000)))
Fri Nov 21 13:54:52 BRT 2025   FINEST   ***** Started cycle #241 *****
Fri Nov 21 13:54:52 BRT 2025   FINEST   [cycle 241] environmental fact: sai__replace(nticks(clock,_886),nticks(clock,22000))
Fri Nov 21 13:54:52 BRT 2025   FINEST   [cycle 241] 1 adding sai__is(nticks(clock,22000),extra(2),(nticks(clock,22000)&(22000>=5000)))
Fri Nov 21 13:54:52 BRT 2025   FINEST   [cycle 241] 1 adding extra(2)
Fri Nov 21 13:54:52 BRT 2025   FINEST   [cycle 241] 1 adding sai__is(nticks(clock,22000),vl(5000),(nticks(clock,22000)&(22000>=5000)))
Fri Nov 21 13:54:52 BRT 2025   FINEST   [cycle 241] 1 adding vl(5000)
Fri Nov 21 13:54:52 BRT 2025   FINEST   [cycle 241] 1 removing sai__is(nticks(clock,21000),vl(5000),(nticks(clock,21000) & (21000 >= 5000)))
Fri Nov 21 13:54:52 BRT 2025   FINEST   [cycle 241] 1 removing sai__is(nticks(clock,21000),vl(5000),(nticks(clock,21000) & (21000 >= 5000)))
Fri Nov 21 13:54:52 BRT 2025   FINEST   [cycle 241] 1 removing sai__is(nticks(clock,21000),extra(2),(nticks(clock,21000) & (21000 >= 5000)))
Fri Nov 21 13:54:52 BRT 2025   FINEST   [cycle 241] 1 removing sai__is(nticks(clock,21000),extra(2),(nticks(clock,21000) & (21000 >= 5000)))
Fri Nov 21 13:54:53 BRT 2025   FINEST   ***** Started cycle #252 *****
Fri Nov 21 13:54:53 BRT 2025   FINEST   [cycle 252] environmental fact: sai__replace(nticks(clock,_919),nticks(clock,23000))
Fri Nov 21 13:54:53 BRT 2025   FINEST   [cycle 252] 1 adding sai__is(nticks(clock,23000),extra(2),(nticks(clock,23000)&(23000>=5000)))
Fri Nov 21 13:54:53 BRT 2025   FINEST   [cycle 252] 1 adding extra(2)
Fri Nov 21 13:54:53 BRT 2025   FINEST   [cycle 252] 1 adding sai__is(nticks(clock,23000),vl(5000),(nticks(clock,23000)&(23000>=5000)))
Fri Nov 21 13:54:53 BRT 2025   FINEST   [cycle 252] 1 adding vl(5000)
Fri Nov 21 13:54:53 BRT 2025   FINEST   [cycle 252] 1 removing sai__is(nticks(clock,22000),vl(5000),(nticks(clock,22000) & (22000 >= 5000)))
Fri Nov 21 13:54:53 BRT 2025   FINEST   [cycle 252] 1 removing sai__is(nticks(clock,22000),vl(5000),(nticks(clock,22000) & (22000 >= 5000)))
Fri Nov 21 13:54:53 BRT 2025   FINEST   [cycle 252] 1 removing sai__is(nticks(clock,22000),extra(2),(nticks(clock,22000) & (22000 >= 5000)))
Fri Nov 21 13:54:53 BRT 2025   FINEST   [cycle 252] 1 removing sai__is(nticks(clock,22000),extra(2),(nticks(clock,22000) & (22000 >= 5000)))
Fri Nov 21 13:54:54 BRT 2025   FINEST   ***** Started cycle #262 *****
Fri Nov 21 13:54:54 BRT 2025   FINEST   [cycle 262] environmental fact: sai__replace(nticks(clock,_952),nticks(clock,24000))
Fri Nov 21 13:54:54 BRT 2025   FINEST   [cycle 262] 1 adding sai__is(nticks(clock,24000),extra(2),(nticks(clock,24000)&(24000>=5000)))
Fri Nov 21 13:54:54 BRT 2025   FINEST   [cycle 262] 1 adding extra(2)
Fri Nov 21 13:54:54 BRT 2025   FINEST   [cycle 262] 1 adding sai__is(nticks(clock,24000),vl(5000),(nticks(clock,24000)&(24000>=5000)))
Fri Nov 21 13:54:54 BRT 2025   FINEST   [cycle 262] 1 adding vl(5000)
Fri Nov 21 13:54:54 BRT 2025   FINEST   [cycle 262] 1 removing sai__is(nticks(clock,23000),vl(5000),(nticks(clock,23000) & (23000 >= 5000)))
Fri Nov 21 13:54:54 BRT 2025   FINEST   [cycle 262] 1 removing sai__is(nticks(clock,23000),vl(5000),(nticks(clock,23000) & (23000 >= 5000)))
Fri Nov 21 13:54:54 BRT 2025   FINEST   [cycle 262] 1 removing sai__is(nticks(clock,23000),extra(2),(nticks(clock,23000) & (23000 >= 5000)))
Fri Nov 21 13:54:54 BRT 2025   FINEST   [cycle 262] 1 removing sai__is(nticks(clock,23000),extra(2),(nticks(clock,23000) & (23000 >= 5000)))
Fri Nov 21 13:54:55 BRT 2025   FINEST   ***** Started cycle #273 *****
Fri Nov 21 13:54:55 BRT 2025   FINEST   [cycle 273] environmental fact: sai__replace(nticks(clock,_985),nticks(clock,25000))
Fri Nov 21 13:54:55 BRT 2025   FINEST   [cycle 273] 1 adding sai__is(nticks(clock,25000),extra(2),(nticks(clock,25000)&(25000>=5000)))
Fri Nov 21 13:54:55 BRT 2025   FINEST   [cycle 273] 1 adding extra(2)
Fri Nov 21 13:54:55 BRT 2025   FINEST   [cycle 273] 1 adding sai__is(nticks(clock,25000),vl(5000),(nticks(clock,25000)&(25000>=5000)))
Fri Nov 21 13:54:55 BRT 2025   FINEST   [cycle 273] 1 adding vl(5000)
Fri Nov 21 13:54:55 BRT 2025   FINEST   [cycle 273] 1 removing sai__is(nticks(clock,24000),vl(5000),(nticks(clock,24000) & (24000 >= 5000)))
Fri Nov 21 13:54:55 BRT 2025   FINEST   [cycle 273] 1 removing sai__is(nticks(clock,24000),vl(5000),(nticks(clock,24000) & (24000 >= 5000)))
Fri Nov 21 13:54:55 BRT 2025   FINEST   [cycle 273] 1 removing sai__is(nticks(clock,24000),extra(2),(nticks(clock,24000) & (24000 >= 5000)))
Fri Nov 21 13:54:55 BRT 2025   FINEST   [cycle 273] 1 removing sai__is(nticks(clock,24000),extra(2),(nticks(clock,24000) & (24000 >= 5000)))
Fri Nov 21 13:54:56 BRT 2025   FINEST   ***** Started cycle #284 *****
Fri Nov 21 13:54:56 BRT 2025   FINEST   [cycle 284] environmental fact: sai__replace(nticks(clock,_1018),nticks(clock,26000))
Fri Nov 21 13:54:56 BRT 2025   FINEST   [cycle 284] 1 adding sai__is(nticks(clock,26000),extra(2),(nticks(clock,26000)&(26000>=5000)))
Fri Nov 21 13:54:56 BRT 2025   FINEST   [cycle 284] 1 adding extra(2)
Fri Nov 21 13:54:56 BRT 2025   FINEST   [cycle 284] 1 adding sai__is(nticks(clock,26000),vl(5000),(nticks(clock,26000)&(26000>=5000)))
Fri Nov 21 13:54:56 BRT 2025   FINEST   [cycle 284] 1 adding vl(5000)
Fri Nov 21 13:54:56 BRT 2025   FINEST   [cycle 284] 1 removing sai__is(nticks(clock,25000),vl(5000),(nticks(clock,25000) & (25000 >= 5000)))
Fri Nov 21 13:54:56 BRT 2025   FINEST   [cycle 284] 1 removing sai__is(nticks(clock,25000),vl(5000),(nticks(clock,25000) & (25000 >= 5000)))
Fri Nov 21 13:54:56 BRT 2025   FINEST   [cycle 284] 1 removing sai__is(nticks(clock,25000),extra(2),(nticks(clock,25000) & (25000 >= 5000)))
Fri Nov 21 13:54:56 BRT 2025   FINEST   [cycle 284] 1 removing sai__is(nticks(clock,25000),extra(2),(nticks(clock,25000) & (25000 >= 5000)))
Fri Nov 21 13:54:57 BRT 2025   FINEST   ***** Started cycle #295 *****
Fri Nov 21 13:54:57 BRT 2025   FINEST   [cycle 295] environmental fact: sai__replace(nticks(clock,_1051),nticks(clock,27000))
Fri Nov 21 13:54:57 BRT 2025   FINEST   [cycle 295] 1 adding sai__is(nticks(clock,27000),extra(2),(nticks(clock,27000)&(27000>=5000)))
Fri Nov 21 13:54:57 BRT 2025   FINEST   [cycle 295] 1 adding extra(2)
Fri Nov 21 13:54:57 BRT 2025   FINEST   [cycle 295] 1 adding sai__is(nticks(clock,27000),vl(5000),(nticks(clock,27000)&(27000>=5000)))
Fri Nov 21 13:54:57 BRT 2025   FINEST   [cycle 295] 1 adding vl(5000)
Fri Nov 21 13:54:57 BRT 2025   FINEST   [cycle 295] 1 removing sai__is(nticks(clock,26000),vl(5000),(nticks(clock,26000) & (26000 >= 5000)))
Fri Nov 21 13:54:57 BRT 2025   FINEST   [cycle 295] 1 removing sai__is(nticks(clock,26000),vl(5000),(nticks(clock,26000) & (26000 >= 5000)))
Fri Nov 21 13:54:57 BRT 2025   FINEST   [cycle 295] 1 removing sai__is(nticks(clock,26000),extra(2),(nticks(clock,26000) & (26000 >= 5000)))
Fri Nov 21 13:54:57 BRT 2025   FINEST   [cycle 295] 1 removing sai__is(nticks(clock,26000),extra(2),(nticks(clock,26000) & (26000 >= 5000)))
Fri Nov 21 13:54:58 BRT 2025   FINEST   ***** Started cycle #305 *****
Fri Nov 21 13:54:58 BRT 2025   FINEST   [cycle 305] environmental fact: sai__replace(nticks(clock,_1084),nticks(clock,28000))
Fri Nov 21 13:54:58 BRT 2025   FINEST   [cycle 305] 1 adding sai__is(nticks(clock,28000),extra(2),(nticks(clock,28000)&(28000>=5000)))
Fri Nov 21 13:54:58 BRT 2025   FINEST   [cycle 305] 1 adding extra(2)
Fri Nov 21 13:54:58 BRT 2025   FINEST   [cycle 305] 1 adding sai__is(nticks(clock,28000),vl(5000),(nticks(clock,28000)&(28000>=5000)))
Fri Nov 21 13:54:58 BRT 2025   FINEST   [cycle 305] 1 adding vl(5000)
Fri Nov 21 13:54:58 BRT 2025   FINEST   [cycle 305] 1 removing sai__is(nticks(clock,27000),vl(5000),(nticks(clock,27000) & (27000 >= 5000)))
Fri Nov 21 13:54:58 BRT 2025   FINEST   [cycle 305] 1 removing sai__is(nticks(clock,27000),vl(5000),(nticks(clock,27000) & (27000 >= 5000)))
Fri Nov 21 13:54:58 BRT 2025   FINEST   [cycle 305] 1 removing sai__is(nticks(clock,27000),extra(2),(nticks(clock,27000) & (27000 >= 5000)))
Fri Nov 21 13:54:58 BRT 2025   FINEST   [cycle 305] 1 removing sai__is(nticks(clock,27000),extra(2),(nticks(clock,27000) & (27000 >= 5000)))
Fri Nov 21 13:54:59 BRT 2025   FINEST   ***** Started cycle #316 *****
Fri Nov 21 13:54:59 BRT 2025   FINEST   [cycle 316] environmental fact: sai__replace(nticks(clock,_1117),nticks(clock,29000))
Fri Nov 21 13:54:59 BRT 2025   FINEST   [cycle 316] 1 adding sai__is(nticks(clock,29000),extra(2),(nticks(clock,29000)&(29000>=5000)))
Fri Nov 21 13:54:59 BRT 2025   FINEST   [cycle 316] 1 adding extra(2)
Fri Nov 21 13:54:59 BRT 2025   FINEST   [cycle 316] 1 adding sai__is(nticks(clock,29000),vl(5000),(nticks(clock,29000)&(29000>=5000)))
Fri Nov 21 13:54:59 BRT 2025   FINEST   [cycle 316] 1 adding vl(5000)
Fri Nov 21 13:54:59 BRT 2025   FINEST   [cycle 316] 1 removing sai__is(nticks(clock,28000),vl(5000),(nticks(clock,28000) & (28000 >= 5000)))
Fri Nov 21 13:54:59 BRT 2025   FINEST   [cycle 316] 1 removing sai__is(nticks(clock,28000),vl(5000),(nticks(clock,28000) & (28000 >= 5000)))
Fri Nov 21 13:54:59 BRT 2025   FINEST   [cycle 316] 1 removing sai__is(nticks(clock,28000),extra(2),(nticks(clock,28000) & (28000 >= 5000)))
Fri Nov 21 13:54:59 BRT 2025   FINEST   [cycle 316] 1 removing sai__is(nticks(clock,28000),extra(2),(nticks(clock,28000) & (28000 >= 5000)))
Fri Nov 21 13:55:00 BRT 2025   FINEST   ***** Started cycle #327 *****
Fri Nov 21 13:55:00 BRT 2025   FINEST   [cycle 327] environmental fact: sai__replace(nticks(clock,_1150),nticks(clock,30000))
Fri Nov 21 13:55:00 BRT 2025   FINEST   [cycle 327] 1 adding sai__is(nticks(clock,30000),extra(2),(nticks(clock,30000)&(30000>=5000)))
Fri Nov 21 13:55:00 BRT 2025   FINEST   [cycle 327] 1 adding extra(2)
Fri Nov 21 13:55:00 BRT 2025   FINEST   [cycle 327] 1 adding sai__is(nticks(clock,30000),vl(5000),(nticks(clock,30000)&(30000>=5000)))
Fri Nov 21 13:55:00 BRT 2025   FINEST   [cycle 327] 1 adding vl(5000)
Fri Nov 21 13:55:00 BRT 2025   FINEST   [cycle 327] 1 removing sai__is(nticks(clock,29000),vl(5000),(nticks(clock,29000) & (29000 >= 5000)))
Fri Nov 21 13:55:00 BRT 2025   FINEST   [cycle 327] 1 removing sai__is(nticks(clock,29000),vl(5000),(nticks(clock,29000) & (29000 >= 5000)))
Fri Nov 21 13:55:00 BRT 2025   FINEST   [cycle 327] 1 removing sai__is(nticks(clock,29000),extra(2),(nticks(clock,29000) & (29000 >= 5000)))
Fri Nov 21 13:55:00 BRT 2025   FINEST   [cycle 327] 1 removing sai__is(nticks(clock,29000),extra(2),(nticks(clock,29000) & (29000 >= 5000)))
Fri Nov 21 13:55:01 BRT 2025   FINEST   ***** Started cycle #338 *****
Fri Nov 21 13:55:01 BRT 2025   FINEST   [cycle 338] environmental fact: sai__replace(nticks(clock,_1183),nticks(clock,31000))
Fri Nov 21 13:55:01 BRT 2025   FINEST   [cycle 338] 1 adding sai__is(nticks(clock,31000),extra(2),(nticks(clock,31000)&(31000>=5000)))
Fri Nov 21 13:55:01 BRT 2025   FINEST   [cycle 338] 1 adding extra(2)
Fri Nov 21 13:55:01 BRT 2025   FINEST   [cycle 338] 1 adding sai__is(nticks(clock,31000),vl(5000),(nticks(clock,31000)&(31000>=5000)))
Fri Nov 21 13:55:01 BRT 2025   FINEST   [cycle 338] 1 adding vl(5000)
Fri Nov 21 13:55:01 BRT 2025   FINEST   [cycle 338] 1 removing sai__is(nticks(clock,30000),vl(5000),(nticks(clock,30000) & (30000 >= 5000)))
Fri Nov 21 13:55:01 BRT 2025   FINEST   [cycle 338] 1 removing sai__is(nticks(clock,30000),vl(5000),(nticks(clock,30000) & (30000 >= 5000)))
Fri Nov 21 13:55:01 BRT 2025   FINEST   [cycle 338] 1 removing sai__is(nticks(clock,30000),extra(2),(nticks(clock,30000) & (30000 >= 5000)))
Fri Nov 21 13:55:01 BRT 2025   FINEST   [cycle 338] 1 removing sai__is(nticks(clock,30000),extra(2),(nticks(clock,30000) & (30000 >= 5000)))
Fri Nov 21 13:55:02 BRT 2025   FINEST   ***** Started cycle #349 *****
Fri Nov 21 13:55:02 BRT 2025   FINEST   [cycle 349] environmental fact: sai__replace(nticks(clock,_1216),nticks(clock,32000))
Fri Nov 21 13:55:02 BRT 2025   FINEST   [cycle 349] 1 adding sai__is(nticks(clock,32000),extra(2),(nticks(clock,32000)&(32000>=5000)))
Fri Nov 21 13:55:02 BRT 2025   FINEST   [cycle 349] 1 adding extra(2)
Fri Nov 21 13:55:02 BRT 2025   FINEST   [cycle 349] 1 adding sai__is(nticks(clock,32000),vl(5000),(nticks(clock,32000)&(32000>=5000)))
Fri Nov 21 13:55:02 BRT 2025   FINEST   [cycle 349] 1 adding vl(5000)
Fri Nov 21 13:55:02 BRT 2025   FINEST   [cycle 349] 1 removing sai__is(nticks(clock,31000),vl(5000),(nticks(clock,31000) & (31000 >= 5000)))
Fri Nov 21 13:55:02 BRT 2025   FINEST   [cycle 349] 1 removing sai__is(nticks(clock,31000),vl(5000),(nticks(clock,31000) & (31000 >= 5000)))
Fri Nov 21 13:55:02 BRT 2025   FINEST   [cycle 349] 1 removing sai__is(nticks(clock,31000),extra(2),(nticks(clock,31000) & (31000 >= 5000)))
Fri Nov 21 13:55:02 BRT 2025   FINEST   [cycle 349] 1 removing sai__is(nticks(clock,31000),extra(2),(nticks(clock,31000) & (31000 >= 5000)))
Fri Nov 21 13:55:03 BRT 2025   FINEST   ***** Started cycle #360 *****
Fri Nov 21 13:55:03 BRT 2025   FINEST   [cycle 360] environmental fact: sai__replace(nticks(clock,_1249),nticks(clock,33000))
Fri Nov 21 13:55:03 BRT 2025   FINEST   [cycle 360] 1 adding sai__is(nticks(clock,33000),extra(2),(nticks(clock,33000)&(33000>=5000)))
Fri Nov 21 13:55:03 BRT 2025   FINEST   [cycle 360] 1 adding extra(2)
Fri Nov 21 13:55:03 BRT 2025   FINEST   [cycle 360] 1 adding sai__is(nticks(clock,33000),vl(5000),(nticks(clock,33000)&(33000>=5000)))
Fri Nov 21 13:55:03 BRT 2025   FINEST   [cycle 360] 1 adding vl(5000)
Fri Nov 21 13:55:03 BRT 2025   FINEST   [cycle 360] 1 removing sai__is(nticks(clock,32000),vl(5000),(nticks(clock,32000) & (32000 >= 5000)))
Fri Nov 21 13:55:03 BRT 2025   FINEST   [cycle 360] 1 removing sai__is(nticks(clock,32000),vl(5000),(nticks(clock,32000) & (32000 >= 5000)))
Fri Nov 21 13:55:03 BRT 2025   FINEST   [cycle 360] 1 removing sai__is(nticks(clock,32000),extra(2),(nticks(clock,32000) & (32000 >= 5000)))
Fri Nov 21 13:55:03 BRT 2025   FINEST   [cycle 360] 1 removing sai__is(nticks(clock,32000),extra(2),(nticks(clock,32000) & (32000 >= 5000)))
